(2024-07-05 08:03:08) Dinnerbone was flagged [Check: BadPacketsD (NoSwing)] [Violations: 1/10] [TPS: 20.00] [Ping: 205ms (high stability)] [Client: Optifine] [Location: SMP test (Có mất đồ) 104.70 64.00 329.71]
(2024-07-05 08:03:10) Dinnerbone was flagged [Check: BadPacketsD (NoSwing)] [Violations: 3/10] [TPS: 20.00] [Ping: 205ms (high stability)] [Client: Optifine] [Location: SMP test (Có mất đồ) 104.36 64.00 331.03]
(2024-07-05 08:03:11) Dinnerbone was flagged [Check: BadPacketsD (NoSwing)] [Violations: 4/10] [TPS: 20.00] [Ping: 205ms (high stability)] [Client: Optifine] [Location: SMP test (Có mất đồ) 103.30 64.00 331.55]
(2024-07-05 08:03:12) Dinnerbone was flagged [Check: BadPacketsD (NoSwing)] [Violations: 5/10] [TPS: 20.00] [Ping: 205ms (high stability)] [Client: Optifine] [Location: SMP test (Có mất đồ) 102.81 64.00 331.67]
(2024-07-05 08:03:13) Dinnerbone was flagged [Check: BadPacketsD (NoSwing)] [Violations: 6/10] [TPS: 20.00] [Ping: 205ms (high stability)] [Client: Optifine] [Location: SMP test (Có mất đồ) 103.27 64.00 331.73]
(2024-07-05 08:03:48) Dinnerbone was flagged [Check: BadPacketsD (NoSwing)] [Violations: 7/10] [TPS: 20.00] [Ping: 127ms (high stability)] [Client: Optifine] [Location: SMP test (Có mất đồ) 103.03 63.00 332.70]
(2024-07-05 08:03:50) Dinnerbone was flagged [Check: BadPacketsD (NoSwing)] [Violations: 9/10] [TPS: 20.00] [Ping: 127ms (high stability)] [Client: Optifine] [Location: SMP test (Có mất đồ) 103.31 63.00 333.54]
(2024-07-05 08:03:51) Dinnerbone was flagged [Check: BadPacketsD (NoSwing)] [Violations: 10/10] [TPS: 20.00] [Ping: 127ms (high stability)] [Client: Optifine] [Location: SMP test (Có mất đồ) 104.14 63.00 332.49]
(2024-07-05 08:03:51) Dinnerbone was punished [Check: BadPacketsD (NoSwing)] [Violations: 10/10] [TPS: 20.00]  [Ping: 127ms (high stability)] [Client: Optifine] [Location: SMP test (Có mất đồ) 104.14 63.00 332.49]
(2024-07-05 08:04:08) Dinnerbone was flagged [Check: BadPacketsD (NoSwing)] [Violations: 1/10] [TPS: 20.00] [Ping: 0ms (high stability)] [Client: Optifine] [Location: SMP test (Có mất đồ) 97.83 63.00 339.62]
(2024-07-05 08:04:09) Dinnerbone was flagged [Check: BadPacketsD (NoSwing)] [Violations: 3/10] [TPS: 20.00] [Ping: 0ms (high stability)] [Client: Optifine] [Location: SMP test (Có mất đồ) 97.63 63.00 342.88]
(2024-07-05 08:04:11) Dinnerbone was flagged [Check: BadPacketsD (NoSwing)] [Violations: 5/10] [TPS: 20.00] [Ping: 127ms (high stability)] [Client: Optifine] [Location: SMP test (Có mất đồ) 92.34 63.00 342.99]
(2024-07-05 08:04:12) Dinnerbone was flagged [Check: BadPacketsD (NoSwing)] [Violations: 6/10] [TPS: 20.00] [Ping: 127ms (high stability)] [Client: Optifine] [Location: SMP test (Có mất đồ) 92.29 63.00 339.96]
(2024-07-05 08:04:13) Dinnerbone was flagged [Check: BadPacketsD (NoSwing)] [Violations: 7/10] [TPS: 20.00] [Ping: 127ms (high stability)] [Client: Optifine] [Location: SMP test (Có mất đồ) 93.18 63.00 338.74]
(2024-07-05 08:04:15) Dinnerbone was flagged [Check: BadPacketsD (NoSwing)] [Violations: 8/10] [TPS: 20.00] [Ping: 127ms (high stability)] [Client: Optifine] [Location: SMP test (Có mất đồ) 95.78 63.00 339.80]
(2024-07-05 08:04:49) Dinnerbone was punished [Check: BadPacketsD (NoSwing)] [Violations: 10/10] [TPS: 20.00]  [Ping: 38ms (high stability)] [Client: Optifine] [Location: SMP test (Có mất đồ) 93.66 63.00 338.44]
(2024-07-05 08:04:49) Dinnerbone was flagged [Check: BadPacketsD (NoSwing)] [Violations: 9/10] [TPS: 20.00] [Ping: 38ms (high stability)] [Client: Optifine] [Location: SMP test (Có mất đồ) 93.66 63.00 338.44]
(2024-07-05 10:04:37) testafkerHard was flagged [Check: BadPacketsD (NoSwing)] [Violations: 1/10] [TPS: 20.00] [Ping: 95ms (high stability)] [Client: Vanilla] [Location: SMP test (Có mất đồ) 190.86 64.00 119.72]
(2024-07-05 10:04:39) testafkerHard was flagged [Check: BadPacketsD (NoSwing)] [Violations: 4/10] [TPS: 20.00] [Ping: 94ms (high stability)] [Client: Vanilla] [Location: SMP test (Có mất đồ) 193.05 64.00 118.94]
(2024-07-05 10:04:40) testafkerHard was flagged [Check: BadPacketsD (NoSwing)] [Violations: 6/10] [TPS: 20.00] [Ping: 94ms (high stability)] [Client: Vanilla] [Location: SMP test (Có mất đồ) 192.09 64.00 119.03]
(2024-07-05 10:04:41) testafkerHard was flagged [Check: BadPacketsD (NoSwing)] [Violations: 7/10] [TPS: 20.00] [Ping: 94ms (high stability)] [Client: Vanilla] [Location: SMP test (Có mất đồ) 192.50 64.00 119.03]
(2024-07-05 10:04:43) testafkerHard was flagged [Check: BadPacketsD (NoSwing)] [Violations: 9/10] [TPS: 20.00] [Ping: 94ms (high stability)] [Client: Vanilla] [Location: SMP test (Có mất đồ) 192.51 64.00 119.03]
(2024-07-05 10:04:45) testafkerHard was flagged [Check: BadPacketsD (NoSwing)] [Violations: 10/10] [TPS: 20.00] [Ping: 94ms (high stability)] [Client: Vanilla] [Location: SMP test (Có mất đồ) 193.04 64.00 118.79]
(2024-07-05 10:04:45) testafkerHard was punished [Check: BadPacketsD (NoSwing)] [Violations: 10/10] [TPS: 20.00]  [Ping: 94ms (high stability)] [Client: Vanilla] [Location: SMP test (Có mất đồ) 193.04 64.00 118.79]
(2024-07-05 10:31:13) Dinnerbone was flagged [Check: FlightC (Vector)] [Violations: 1/40] [TPS: 20.00] [Ping: 0ms (high stability)] [Client: Optifine] [Location: SMP test (Có mất đồ) 93.69 63.00 338.41]
(2024-07-05 10:31:15) Dinnerbone was flagged [Check: FlightC (Vector)] [Violations: 10/40] [TPS: 20.00] [Ping: 0ms (high stability)] [Client: Optifine] [Location: SMP test (Có mất đồ) 93.69 63.00 338.41]
(2024-07-05 10:31:16) Dinnerbone was flagged [Check: FlightA (Acceleration)] [Violations: 5/40] [TPS: 20.00] [Ping: 0ms (high stability)] [Client: Optifine] [Location: SMP test (Có mất đồ) 93.69 63.00 338.41]
(2024-07-05 10:31:17) Dinnerbone was flagged [Check: FlightA (Acceleration)] [Violations: 11/40] [TPS: 20.00] [Ping: 0ms (high stability)] [Client: Optifine] [Location: SMP test (Có mất đồ) 93.69 63.00 338.41]
(2024-07-05 10:31:18) Dinnerbone was punished [Check: FlightC (Vector)] [Violations: 40/40] [TPS: 20.00]  [Ping: 0ms (high stability)] [Client: Optifine] [Location: SMP test (Có mất đồ) 93.69 63.00 338.41]
(2024-07-05 10:31:28) Dinnerbone was flagged [Check: FlightC (Vector)] [Violations: 1/40] [TPS: 20.00] [Ping: 0ms (high stability)] [Client: Optifine] [Location: SMP test (Có mất đồ) 93.69 63.00 338.41]
(2024-07-05 10:31:29) Dinnerbone was flagged [Check: FlightC (Vector)] [Violations: 12/40] [TPS: 20.00] [Ping: 0ms (high stability)] [Client: Optifine] [Location: SMP test (Có mất đồ) 93.69 63.00 338.41]
(2024-07-05 10:31:31) Dinnerbone was flagged [Check: FlightC (Vector)] [Violations: 22/40] [TPS: 20.00] [Ping: 0ms (high stability)] [Client: Optifine] [Location: SMP test (Có mất đồ) 93.69 63.00 338.41]
(2024-07-05 10:31:33) Dinnerbone was flagged [Check: FlightA (Acceleration)] [Violations: 11/40] [TPS: 20.00] [Ping: 0ms (high stability)] [Client: Optifine] [Location: SMP test (Có mất đồ) 93.69 63.00 338.41]
(2024-07-05 10:31:37) Dinnerbone was flagged [Check: FlightC (Vector)] [Violations: 34/40] [TPS: 20.00] [Ping: 0ms (high stability)] [Client: Optifine] [Location: SMP test (Có mất đồ) 93.69 63.00 338.41]
(2024-07-05 10:31:37) Dinnerbone was punished [Check: FlightC (Vector)] [Violations: 40/40] [TPS: 20.00]  [Ping: 0ms (high stability)] [Client: Optifine] [Location: SMP test (Có mất đồ) 93.69 63.00 338.41]
(2024-07-05 10:31:37) Dinnerbone was flagged [Check: FlightC (Vector)] [Violations: 1/40] [TPS: 20.00] [Ping: 0ms (high stability)] [Client: Optifine] [Location: SMP test (Có mất đồ) 93.69 63.00 338.41]
(2024-07-05 10:31:44) Dinnerbone was flagged [Check: FlightC (Vector)] [Violations: 2/40] [TPS: 20.00] [Ping: 0ms (high stability)] [Client: Optifine] [Location: SMP test (Có mất đồ) 93.69 63.00 338.41]
(2024-07-05 10:31:46) Dinnerbone was flagged [Check: FlightA (Acceleration)] [Violations: 8/40] [TPS: 20.00] [Ping: 0ms (high stability)] [Client: Optifine] [Location: SMP test (Có mất đồ) 93.69 63.00 338.41]
(2024-07-05 10:31:46) Dinnerbone was punished [Check: FlightC (Vector)] [Violations: 40/40] [TPS: 20.00]  [Ping: 0ms (high stability)] [Client: Optifine] [Location: SMP test (Có mất đồ) 93.69 63.00 338.41]
(2024-07-05 10:31:54) Dinnerbone was flagged [Check: FlightC (Vector)] [Violations: 1/40] [TPS: 20.00] [Ping: 0ms (high stability)] [Client: Optifine] [Location: SMP test (Có mất đồ) 93.69 63.00 338.41]
(2024-07-05 10:32:06) Dinnerbone was flagged [Check: FlightC (Vector)] [Violations: 10/40] [TPS: 20.00] [Ping: 0ms (high stability)] [Client: Optifine] [Location: SMP test (Có mất đồ) 93.69 63.00 338.41]
(2024-07-05 10:32:12) Dinnerbone was flagged [Check: FlightC (Vector)] [Violations: 25/40] [TPS: 20.00] [Ping: 0ms (high stability)] [Client: Optifine] [Location: SMP test (Có mất đồ) 93.69 63.00 338.41]
(2024-07-05 10:32:13) Dinnerbone was flagged [Check: FlightC (Vector)] [Violations: 30/40] [TPS: 20.00] [Ping: 0ms (high stability)] [Client: Optifine] [Location: SMP test (Có mất đồ) 93.69 63.00 338.41]
(2024-07-05 10:32:14) Dinnerbone was flagged [Check: FlightC (Vector)] [Violations: 37/40] [TPS: 20.00] [Ping: 0ms (high stability)] [Client: Optifine] [Location: SMP test (Có mất đồ) 93.69 63.00 338.41]
(2024-07-05 10:32:15) Dinnerbone was flagged [Check: FlightC (Vector)] [Violations: 1/40] [TPS: 20.00] [Ping: 0ms (high stability)] [Client: Optifine] [Location: SMP test (Có mất đồ) 93.69 63.00 338.41]
(2024-07-05 10:32:15) Dinnerbone was punished [Check: FlightC (Vector)] [Violations: 40/40] [TPS: 20.00]  [Ping: 0ms (high stability)] [Client: Optifine] [Location: SMP test (Có mất đồ) 93.69 63.00 338.41]
(2024-07-05 10:32:15) Dinnerbone was flagged [Check: FlightA (Acceleration)] [Violations: 8/40] [TPS: 20.00] [Ping: 0ms (high stability)] [Client: Optifine] [Location: SMP test (Có mất đồ) 93.69 63.00 338.41]
(2024-07-05 10:33:41) Dinnerbone was flagged [Check: BadPacketsD (NoSwing)] [Violations: 1/10] [TPS: 20.00] [Ping: 0ms (high stability)] [Client: Optifine] [Location: SMP test (Có mất đồ) 58.93 67.00 326.07]
(2024-07-05 10:33:43) Dinnerbone was flagged [Check: BadPacketsD (NoSwing)] [Violations: 1/10] [TPS: 20.00] [Ping: 0ms (high stability)] [Client: Optifine] [Location: SMP test (Có mất đồ) 58.80 67.50 326.24]
(2024-07-05 10:34:01) Dinnerbone was flagged [Check: BadPacketsD (NoSwing)] [Violations: 2/10] [TPS: 20.00] [Ping: 66ms (high stability)] [Client: Optifine] [Location: SMP test (Có mất đồ) 75.85 66.42 321.30]
(2024-07-05 10:34:02) Dinnerbone was flagged [Check: BadPacketsD (NoSwing)] [Violations: 4/10] [TPS: 20.00] [Ping: 66ms (high stability)] [Client: Optifine] [Location: SMP test (Có mất đồ) 82.00 67.00 320.21]
(2024-07-05 10:34:04) Dinnerbone was flagged [Check: BadPacketsD (NoSwing)] [Violations: 5/10] [TPS: 20.00] [Ping: 66ms (high stability)] [Client: Optifine] [Location: SMP test (Có mất đồ) 91.91 67.25 316.85]
(2024-07-05 10:34:05) Dinnerbone was flagged [Check: BadPacketsD (NoSwing)] [Violations: 6/10] [TPS: 20.00] [Ping: 66ms (high stability)] [Client: Optifine] [Location: SMP test (Có mất đồ) 95.44 67.00 314.08]
(2024-07-05 10:34:07) Dinnerbone was flagged [Check: BadPacketsD (NoSwing)] [Violations: 8/10] [TPS: 20.00] [Ping: 66ms (high stability)] [Client: Optifine] [Location: SMP test (Có mất đồ) 97.51 67.00 303.99]
(2024-07-05 10:34:09) Dinnerbone was flagged [Check: BadPacketsD (NoSwing)] [Violations: 10/10] [TPS: 20.00] [Ping: 0ms (high stability)] [Client: Optifine] [Location: SMP test (Có mất đồ) 100.51 68.19 295.32]
(2024-07-05 10:34:09) Dinnerbone was punished [Check: BadPacketsD (NoSwing)] [Violations: 10/10] [TPS: 20.00]  [Ping: 0ms (high stability)] [Client: Optifine] [Location: SMP test (Có mất đồ) 100.51 68.19 295.32]
(2024-07-05 10:40:17) Dinnerbone was flagged [Check: FlightC (Vector)] [Violations: 1/40] [TPS: 20.00] [Ping: 31ms (high stability)] [Client: Optifine] [Location: SMP test (Có mất đồ) 110.81 69.17 273.66]
