[02:56:52] [Paper Plugin Remapper Thread - 2/INFO]: [PluginRemapper] Remapping plugin 'plugins/PlaceholderAPI-2.11.6.jar'...
[02:56:54] [Paper Plugin Remapper Thread - 2/INFO]: [PluginRemapper] Done remapping plugin 'plugins/PlaceholderAPI-2.11.6.jar' in 1892ms.
[02:56:54] [ServerMain/INFO]: [SparkProviderSource] Purpur: Using user-provided spark plugin instead of our own.
[02:56:58] [ServerMain/INFO]: Environment: Environment[sessionHost=https://sessionserver.mojang.com, servicesHost=https://api.minecraftservices.com, name=PROD]
[02:57:00] [ServerMain/INFO]: Loaded 1175 recipes
[02:57:00] [ServerMain/INFO]: Loaded 1276 advancements
[02:57:00] [Server thread/INFO]: Starting minecraft server version 1.20.6
[02:57:00] [Server thread/INFO]: Loading properties
[02:57:00] [Server thread/INFO]: This server is running Purpur version 1.20.6-2233-ver/1.20.6@0d6766e (2024-06-18T04:01:10Z) (Implementing API version 1.20.6-R0.1-SNAPSHOT)
[02:57:01] [Server thread/INFO]: Server Ping Player Sample Count: 12
[02:57:01] [Server thread/INFO]: Using 4 threads for Netty based IO
[02:57:01] [Server thread/INFO]: [ChunkTaskScheduler] Chunk system is using 1 I/O threads, 1 worker threads, and gen parallelism of 1 threads
[02:57:02] [Server thread/INFO]: Default game type: SURVIVAL
[02:57:02] [Server thread/INFO]: Generating keypair
[02:57:02] [Server thread/INFO]: Starting Minecraft server on *:25565
[02:57:02] [Server thread/INFO]: Using epoll channel type
[02:57:02] [Server thread/INFO]: Paper: Using libdeflate (Linux x86_64) compression from Velocity.
[02:57:02] [Server thread/INFO]: Paper: Using OpenSSL 1.1.x (Linux x86_64) cipher from Velocity.
[02:57:03] [Server thread/INFO]: [ViaVersion] Loading server plugin ViaVersion v5.0.1
[02:57:03] [Server thread/INFO]: [ViaVersion] ViaVersion 5.0.1 is now loaded. Registering protocol transformers and injecting...
[02:57:04] [Via-Mappingloader-0/INFO]: [ViaVersion] Loading block connection mappings ...
[02:57:04] [Via-Mappingloader-0/INFO]: [ViaVersion] Using FastUtil Long2ObjectOpenHashMap for block connections
[02:57:05] [Server thread/INFO]: [ViaBackwards] Loading translations...
[02:57:05] [Server thread/INFO]: [ViaBackwards] Registering protocols...
[02:57:06] [Server thread/INFO]: [ViaRewind] Registering protocols...
[02:57:06] [Server thread/INFO]: [ViaBackwards] Loading server plugin ViaBackwards v5.0.1
[02:57:06] [Server thread/INFO]: [PlaceholderAPI] Loading server plugin PlaceholderAPI v2.11.6
[02:57:06] [Server thread/INFO]: [ProtocolLib] Loading server plugin ProtocolLib v5.3.0-SNAPSHOT-723
[02:57:06] [Server thread/WARN]: [ProtocolLib] Version (MC: 1.20.6) has not yet been tested! Proceed with caution.
[02:57:06] [Server thread/INFO]: [ViaRewind] Loading server plugin ViaRewind v4.0.1
[02:57:06] [Server thread/INFO]: [MOTD] Loading server plugin MOTD v2.3.11
[02:57:06] [Server thread/INFO]: [Orebfuscator] Loading server plugin Orebfuscator v5.5.0
[02:57:06] [Server thread/INFO]: [FA] Loading server plugin FoxAddition v1.1.9
[02:57:06] [Server thread/INFO]: [SimpleTpa] Loading server plugin SimpleTpa v7.1
[02:57:06] [Server thread/INFO]: [playit-gg] Loading server plugin playit-gg v0.1.4
[02:57:06] [Server thread/INFO]: [TAB] Loading server plugin TAB v4.1.6
[02:57:06] [Server thread/INFO]: [Themis] Loading server plugin Themis v0.15.3
[02:57:06] [Server thread/INFO]: [BetterTeams] Loading server plugin BetterTeams v4.9.4
[02:57:06] [Server thread/INFO]: [BetterTeams] Checking if the file config.yml is up to date
[02:57:06] [Server thread/INFO]: [BetterTeams] File is up to date
[02:57:06] [Server thread/INFO]: [spark] Loading server plugin spark v1.10.71
[02:57:06] [Server thread/INFO]: [GrimAC] Loading server plugin GrimAC v2.3.65
[02:57:07] [Server thread/INFO]: [GrimAC] Loading PacketEvents...
[02:57:09] [Server thread/INFO]: [LoginSecurity] Loading server plugin LoginSecurity v3.3.0
[02:57:09] [Server thread/INFO]: [LightAntiCheat] Loading server plugin LightAntiCheat v1.2.4
[02:57:09] [Server thread/INFO]: Server permissions file permissions.yml is empty, ignoring it
[02:57:09] [Server thread/INFO]: [ProtocolLib] Enabling ProtocolLib v5.3.0-SNAPSHOT-723
[02:57:09] [Server thread/INFO]: [ViaRewind] Enabling ViaRewind v4.0.1
[02:57:09] [Server thread/INFO]: [MOTD] Enabling MOTD v2.3.11
[02:57:09] [Server thread/INFO]: [MOTD] [Placeholder] PlaceholderAPI hooked.
[02:57:09] [Server thread/WARN]: **** SERVER IS RUNNING IN OFFLINE/INSECURE MODE!
[02:57:09] [Server thread/WARN]: The server will make no attempt to authenticate usernames. Beware.
[02:57:09] [Server thread/WARN]: While this makes the game possible to play without internet access, it also opens up the ability for hackers to connect with any username they choose.
[02:57:09] [Server thread/WARN]: To change this, set "online-mode" to "true" in the server.properties file.
[02:57:09] [Server thread/INFO]: Preparing level "SMP Có mất đồ"
[02:57:10] [Server thread/INFO]: Preparing start region for dimension minecraft:overworld
[02:57:11] [Server thread/INFO]: Time elapsed: 1176 ms
[02:57:11] [Server thread/INFO]: Preparing start region for dimension minecraft:the_nether
[02:57:11] [Server thread/INFO]: Time elapsed: 221 ms
[02:57:11] [Server thread/INFO]: Preparing start region for dimension minecraft:the_end
[02:57:11] [Server thread/INFO]: Time elapsed: 174 ms
[02:57:11] [Server thread/INFO]: [ViaVersion] Enabling ViaVersion v5.0.1
[02:57:11] [Server thread/INFO]: [ViaVersion] ViaVersion detected server version: 1.20.5-1.20.6 (766)
[02:57:12] [Server thread/INFO]: [ViaBackwards] Enabling ViaBackwards v5.0.1
[02:57:12] [Server thread/INFO]: [PlaceholderAPI] Enabling PlaceholderAPI v2.11.6
[02:57:12] [Server thread/INFO]: [PlaceholderAPI] Fetching available expansion information...
[02:57:12] [Server thread/INFO]: [Orebfuscator] Enabling Orebfuscator v5.5.0
[02:57:13] [Server thread/INFO]: [FA] Enabling FoxAddition v1.1.9
[02:57:13] [Server thread/INFO]: [FA]                           
[02:57:13] [Server thread/INFO]: [FA] ______                         _      _  _  _    _                 
[02:57:13] [Server thread/INFO]: [FA] |  ____|             /\       | |    | |(_)| |  (_)              
[02:57:13] [Server thread/INFO]: [FA] | |__  ___ __  __   /  \    __| |  __| | _ | |_  _   ___   _ __  
[02:57:13] [Server thread/INFO]: [FA] |  __|/ _ \\ \/ /  / /\ \  / _` | / _` || || __|| | / _ \ | '_ \ 
[02:57:13] [Server thread/INFO]: [FA] | |  | (_) |>  <  / ____ \| (_| || (_| || || |_ | || (_) || | | |
[02:57:13] [Server thread/INFO]: [FA] |_|   \___//_/\_\/_/    \_\\__,_| \__,_||_| \__||_| \___/ |_| |_|
[02:57:13] [Server thread/INFO]: [FA]                           
[02:57:13] [Server thread/INFO]: [FA]                  Created by NovaCraft254
[02:57:13] [Server thread/INFO]: [FA]        Running on 1.20.6-2233-0d6766e (MC: 1.20.6)
[02:57:13] [Server thread/INFO]: [FA]                           
[02:57:14] [Server thread/INFO]: [FA] [LOGS] The cleanup of old logs started...
[02:57:14] [Server thread/INFO]: [FA] [LOGS] The cleanup of old logs finished.
[02:57:14] [Server thread/INFO]: [FA] [PHASE] Detecting automatically your version...
[02:57:14] [Server thread/INFO]: [FA] [HOOK] PlaceholderAPI has been hooked.
[02:57:14] [Server thread/INFO]: [FA] [HOOK] ProtocolLib has been hooked.
[02:57:14] [Server thread/INFO]: [FA] [FILES] FileWatcher is now enabled and ready to apply changes.
[02:57:14] [Server thread/INFO]: [FA] [UPDATER] You are currently using the lastest version.
[02:57:14] [Server thread/INFO]: [SimpleTpa] Enabling SimpleTpa v7.1
[02:57:14] [Server thread/INFO]: [SimpleTpa] If you need support contact me at https://discord.gg/SZUkza9
[02:57:14] [Server thread/INFO]: [SimpleTpa] Simple Tpa has been enabled on version 7.1
[02:57:14] [Server thread/INFO]: Enabled metrics. You may opt-out by changing plugins/bStats/config.yml
[02:57:14] [Server thread/INFO]: [playit-gg] Enabling playit-gg v0.1.4
[02:57:15] [Server thread/INFO]: [TAB] Enabling TAB v4.1.6
[02:57:15] [Thread-16/INFO]: [gg.playit.minecraft.PlayitKeysSetup] secret key found, checking
[02:57:15] [Thread-16/INFO]: [gg.playit.minecraft.PlayitKeysSetup] check secret
[02:57:15] [Server thread/INFO]: [TAB] Loaded NMS hook in 108ms
[02:57:15] [Server thread/INFO]: [TAB] [WARN] ---------------------------------------------------------------------
[02:57:15] [Server thread/INFO]: [TAB] [WARN] You have unlimited nametag mode feature enabled.
[02:57:15] [Server thread/INFO]: [TAB] [WARN] This feature is scheduled for removal in a future TAB release.
[02:57:15] [Server thread/INFO]: [TAB] [WARN] Please considering the alternative solutions available to achieve your desired result.
[02:57:15] [Server thread/INFO]: [TAB] [WARN] No bug reports with this feature will be accepted anymore.
[02:57:15] [Server thread/INFO]: [TAB] [WARN] No support with this feature will be provided anymore.
[02:57:15] [Server thread/INFO]: [TAB] [WARN] See https://gist.github.com/NEZNAMY/f4cabf2fd9251a836b5eb877720dee5c/ for more info.
[02:57:15] [Server thread/INFO]: [TAB] [WARN] ---------------------------------------------------------------------
[02:57:15] [Server thread/INFO]: [TAB] Enabled in 422ms
[02:57:15] [Server thread/INFO]: [Themis] Enabling Themis v0.15.3
[02:57:15] [Server thread/WARN]: [Themis] Couldn't find Floodgate which is required for Bedrock support
[02:57:15] [Server thread/INFO]: [BetterTeams] Enabling BetterTeams v4.9.4
[02:57:16] [Server thread/INFO]: [BetterTeams] Checking if the file messages.yml is up to date
[02:57:16] [Server thread/INFO]: [BetterTeams] File is up to date
[02:57:16] [Thread-16/INFO]: [gg.playit.minecraft.PlayitKeysSetup] found minecraft java tunnel: topic-heated.joinmc.link
[02:57:16] [Thread-16/INFO]: [gg.playit.minecraft.PlayitManager] keys and tunnel setup
[02:57:16] [Server thread/INFO]: [PlaceholderAPI] Successfully registered internal expansion: betterTeams [4.9.4]
[02:57:16] [Thread-16/WARN]: [gg.playit.control.ChannelSetup] Got IO error working with :control.playit.gg/2602:fbaf:848:0:0:0:0:1, error : java.net.SocketException: Network is unreachable
[02:57:16] [Server thread/INFO]: Display team name config value: prefix
[02:57:16] [Server thread/INFO]: Loading below name. Type: PREFIX
[02:57:16] [Server thread/INFO]: teamManagement declared: com.booksaw.betterTeams.events.MCTeamManagement@7d06af0b
[02:57:16] [Server thread/INFO]: [spark] Enabling spark v1.10.71
[02:57:16] [Thread-16/INFO]: [gg.playit.control.ChannelSetup] request queued, waiting 1 second before resend
[02:57:16] [Server thread/INFO]: [spark] Using Paper ServerTickStartEvent for tick monitoring
[02:57:16] [Server thread/INFO]: [spark] Starting background profiler...
[02:57:17] [Server thread/INFO]: [PlaceholderAPI] Successfully registered internal expansion: spark [1.10.71]
[02:57:17] [Server thread/INFO]: [spark] Registered PlaceholderAPI placeholders
[02:57:17] [Server thread/INFO]: [GrimAC] Enabling GrimAC v2.3.65
[02:57:17] [Server thread/INFO]: [GrimAC] Registering singular bukkit event... (PistonEvent)
[02:57:17] [Server thread/INFO]: [GrimAC] Registering packets...
[02:57:17] [Server thread/INFO]: [GrimAC] Registering tick schedulers...
[02:57:17] [Thread-16/INFO]: [gg.playit.control.ChannelSetup] request queued, waiting 1 second before resend
[02:57:17] [Server thread/INFO]: [GrimAC] [ACF] Enabled Asynchronous Tab Completion Support!
[02:57:17] [Server thread/INFO]: [LoginSecurity] Enabling LoginSecurity v3.3.0
[02:57:17] [Server thread/INFO]: [LoginSecurity] Loading base translations from "en_us"
[02:57:17] [Server thread/INFO]: [LoginSecurity] Loading specified translations from "en_us"
[02:57:17] [Server thread/INFO]: [LoginSecurity] Registering commands...
[02:57:17] [Server thread/INFO]: [LoginSecurity] Registering listeners...
[02:57:17] [Server thread/INFO]: [LoginSecurity] Using 1.12+ map captcha renderer
[02:57:17] [Server thread/INFO]: [LightAntiCheat] Enabling LightAntiCheat v1.2.4
[02:57:18] [Server thread/INFO]: [PlaceholderAPI] Placeholder expansion registration initializing...
[02:57:18] [Server thread/INFO]: 0 placeholder hook(s) registered!
[02:57:18] [Server thread/INFO]: Running delayed init tasks
[02:57:18] [Craft Scheduler Thread - 1 - ViaVersion/INFO]: [ViaVersion] Finished mapping loading, shutting down loader executor!
[02:57:18] [Server thread/INFO]: Done (17.952s)! For help, type "help"
[02:58:36] [Thread-16/INFO]: [gg.playit.minecraft.PlayitManager] got new client: NewClient{connectAddr=209.25.142.194:13653, peerAddr=125.212.159.105:17691, claimAddress=209.25.142.2:43784, claimToken=[44, 0, 60, -47, 25, -114, -62, 53, 85, 125, -44, -97, 105, 69, 27, -37, 25, -13, 82, -85, 8, 102, -120, -78, -35, 0, 0, 0, 0, 0, 9, -54, 3, 0, 0, 0, 0, 0, 51, -117, 96, 113, 82, -85, 8, 0, 0, 0, 0, 18, 0, 0, 0, 0, 0, 0, 0, 4, 0, 1, 60, -88, 63, -51, 10, -95, -13, 13, 48, 116, 109, -50, 70, 77, 55, -110], tunnelServerId=4, dataCenterId=18}
[02:58:36] [Thread-16/INFO]: [gg.playit.minecraft.PlayitManager] starting tcp tunnel for client
[02:58:36] [Thread-16/INFO]: [gg.playit.minecraft.PlayitTcpTunnel] start connection to /209.25.142.2:43784 to claim client
[02:58:36] [nioEventLoopGroup-2-1/INFO]: [gg.playit.minecraft.PlayitTcpTunnel] connected to tunnel server, sending claim token
[02:58:36] [nioEventLoopGroup-2-1/INFO]: [gg.playit.minecraft.PlayitTcpTunnel] claim token sent
[02:58:36] [nioEventLoopGroup-2-1/INFO]: [gg.playit.minecraft.PlayitTcpTunnel] connection to tunnel server has been established
[02:58:36] [nioEventLoopGroup-2-1/INFO]: [gg.playit.minecraft.PlayitTcpTunnel] Reflect: ReflectionHelper{ServerConnection=class net.minecraft.server.network.ServerConnectionListener, LegacyPingHandler=class net.minecraft.server.network.LegacyQueryHandler, MinecraftServer=class net.minecraft.server.MinecraftServer, PacketSplitter=class net.minecraft.network.Varint21FrameDecoder, PacketDecoder=class net.minecraft.network.PacketDecoder, EnumProtocolDirection=class net.minecraft.network.protocol.PacketFlow, PacketPrepender=class net.minecraft.network.Varint21LengthFieldPrepender, PacketEncoder=class net.minecraft.network.PacketEncoder, NetworkManagerServer=class net.minecraft.network.RateKickingConnection, NetworkManager=class net.minecraft.network.Connection, HandshakeListener=class net.minecraft.server.network.ServerHandshakePacketListenerImpl, PacketListener=interface net.minecraft.network.PacketListener, CraftServer=class org.bukkit.craftbukkit.CraftServer}
[02:58:36] [nioEventLoopGroup-2-1/INFO]: [gg.playit.minecraft.PlayitTcpTunnel] legacyPingHandler is null
[02:58:36] [nioEventLoopGroup-2-1/INFO]: [gg.playit.minecraft.PlayitTcpTunnel] connecting to minecraft server at localhost/127.0.0.1:25565
[02:58:36] [nioEventLoopGroup-2-2/INFO]: [gg.playit.minecraft.PlayitTcpTunnel] connected to local minecraft server
[02:58:49] [Thread-16/INFO]: [gg.playit.minecraft.PlayitManager] got new client: NewClient{connectAddr=209.25.142.194:13653, peerAddr=125.212.159.105:51174, claimAddress=209.25.142.2:43784, claimToken=[44, 0, 60, -47, 25, -114, -62, 53, 85, 125, -44, -97, 105, -57, -26, -81, -96, -21, -33, -85, 8, 102, -120, -78, -23, 0, 0, 0, 0, 0, 9, -54, 3, 0, 0, 0, 0, 0, 51, -117, 96, 87, -33, -85, 8, 0, 0, 0, 0, 18, 0, 0, 0, 0, 0, 0, 0, 5, 0, 1, 0, 82, -57, -16, -102, 64, 78, 39, 70, -71, 49, -94, 108, -97, 76, 106], tunnelServerId=5, dataCenterId=18}
[02:58:49] [Thread-16/INFO]: [gg.playit.minecraft.PlayitManager] starting tcp tunnel for client
[02:58:49] [Thread-16/INFO]: [gg.playit.minecraft.PlayitTcpTunnel] start connection to /209.25.142.2:43784 to claim client
[02:58:49] [nioEventLoopGroup-2-3/INFO]: [gg.playit.minecraft.PlayitTcpTunnel] connected to tunnel server, sending claim token
[02:58:49] [nioEventLoopGroup-2-3/INFO]: [gg.playit.minecraft.PlayitTcpTunnel] claim token sent
[02:58:49] [nioEventLoopGroup-2-3/INFO]: [gg.playit.minecraft.PlayitTcpTunnel] connection to tunnel server has been established
[02:58:49] [nioEventLoopGroup-2-3/INFO]: [gg.playit.minecraft.PlayitTcpTunnel] Reflect: ReflectionHelper{ServerConnection=class net.minecraft.server.network.ServerConnectionListener, LegacyPingHandler=class net.minecraft.server.network.LegacyQueryHandler, MinecraftServer=class net.minecraft.server.MinecraftServer, PacketSplitter=class net.minecraft.network.Varint21FrameDecoder, PacketDecoder=class net.minecraft.network.PacketDecoder, EnumProtocolDirection=class net.minecraft.network.protocol.PacketFlow, PacketPrepender=class net.minecraft.network.Varint21LengthFieldPrepender, PacketEncoder=class net.minecraft.network.PacketEncoder, NetworkManagerServer=class net.minecraft.network.RateKickingConnection, NetworkManager=class net.minecraft.network.Connection, HandshakeListener=class net.minecraft.server.network.ServerHandshakePacketListenerImpl, PacketListener=interface net.minecraft.network.PacketListener, CraftServer=class org.bukkit.craftbukkit.CraftServer}
[02:58:49] [nioEventLoopGroup-2-3/INFO]: [gg.playit.minecraft.PlayitTcpTunnel] legacyPingHandler is null
[02:58:49] [nioEventLoopGroup-2-3/INFO]: [gg.playit.minecraft.PlayitTcpTunnel] connecting to minecraft server at localhost/127.0.0.1:25565
[02:58:49] [nioEventLoopGroup-2-4/INFO]: [gg.playit.minecraft.PlayitTcpTunnel] connected to local minecraft server
[02:58:49] [User Authenticator #0/INFO]: UUID of player Dinnerbone is 4d258a81-2358-3084-8166-05b9faccad80
[02:58:50] [Server thread/INFO]: [FA] Dinnerbone joined with brand optifine but this is not allowed here.
[02:58:52] [TAB Processing Thread/INFO]: [TAB] [WARN] Player Dinnerbone's group (none) is not in sorting list! Sorting list: owner,admin,mod,helper,builder,vip,default. Player will be sorted on the bottom.
[02:58:52] [Server thread/INFO]: Dinnerbone joined the game
[02:58:52] [Server thread/INFO]: Dinnerbone[/127.0.0.1:55176] logged in with entity id 89 at ([SMP Có mất đồ]187.41718282558284, 70.9375, -122.62581882799398)
[02:59:22] [Server thread/INFO]: Dinnerbone was shot by Skeleton
[02:59:26] [Server thread/INFO]: Dinnerbone issued server command: /back
[02:59:37] [Server thread/INFO]: Dinnerbone issued server command: /gamemode adventure
[02:59:37] [Server thread/INFO]: [Dinnerbone: Set own game mode to Adventure Mode]
[02:59:39] [Server thread/INFO]: Dinnerbone issued server command: /gamemode creative
[02:59:39] [Server thread/INFO]: [Dinnerbone: Set own game mode to Creative Mode]
[02:59:54] [Server thread/INFO]: Dinnerbone has completed the challenge [Cover Me in Debris]
[03:00:09] [Server thread/INFO]: Dinnerbone issued server command: /gamemode adventure
[03:00:09] [Server thread/INFO]: [Dinnerbone: Set own game mode to Adventure Mode]
[03:00:17] [Server thread/INFO]: Dinnerbone has made the advancement [Monster Hunter]
[03:00:55] [Server thread/INFO]: Dinnerbone has reached the goal [Postmortal]
[03:01:10] [Craft Scheduler Thread - 4 - spark/INFO]: [⚡] TPS from last 5s, 10s, 1m, 5m, 15m:
[03:01:10] [Craft Scheduler Thread - 4 - spark/INFO]: [⚡]  20.0, 20.0, 20.0, *20.0, *20.0
[03:01:10] [Craft Scheduler Thread - 4 - spark/INFO]: [⚡] 
[03:01:10] [Craft Scheduler Thread - 4 - spark/INFO]: [⚡] Tick durations (min/med/95%ile/max ms) from last 10s, 1m:
[03:01:10] [Craft Scheduler Thread - 4 - spark/INFO]: [⚡]  3.0/5.2/11.9/63.3;  2.4/4.7/10.2/107.7
[03:01:10] [Craft Scheduler Thread - 4 - spark/INFO]: [⚡] 
[03:01:10] [Craft Scheduler Thread - 4 - spark/INFO]: [⚡] CPU usage from last 10s, 1m, 15m:
[03:01:10] [Craft Scheduler Thread - 4 - spark/INFO]: [⚡]  25%, 24%, 19%  (system)
[03:01:10] [Craft Scheduler Thread - 4 - spark/INFO]: [⚡]  20%, 20%, 15%  (process)
[03:01:19] [Thread-16/INFO]: [gg.playit.control.ChannelSetup] send keep alive
[03:02:21] [Server thread/INFO]: Dinnerbone issued server command: /gamemode creative
[03:02:21] [Server thread/INFO]: [Dinnerbone: Set own game mode to Creative Mode]
[03:02:28] [Server thread/INFO]: Dinnerbone issued server command: /gamemode adventure
[03:02:28] [Server thread/INFO]: [Dinnerbone: Set own game mode to Adventure Mode]
[03:02:31] [Server thread/INFO]: Dinnerbone issued server command: /gamemode creative
[03:02:31] [Server thread/INFO]: [Dinnerbone: Set own game mode to Creative Mode]
[03:02:34] [Server thread/INFO]: Dinnerbone issued server command: /gamemode survival
[03:02:34] [Server thread/INFO]: [Dinnerbone: Set own game mode to Survival Mode]
[03:03:53] [Server thread/INFO]: Dinnerbone issued server command: /uptime
[03:05:20] [Thread-16/INFO]: [gg.playit.control.ChannelSetup] send keep alive
[03:09:20] [Thread-16/INFO]: [gg.playit.control.ChannelSetup] send keep alive
[03:13:20] [Thread-16/INFO]: [gg.playit.control.ChannelSetup] send keep alive
[03:14:33] [Server thread/INFO]: Dinnerbone issued server command: /gamemode creative
[03:14:33] [Server thread/INFO]: [Dinnerbone: Set own game mode to Creative Mode]
[03:17:20] [Thread-16/INFO]: [gg.playit.control.ChannelSetup] send keep alive
[03:21:21] [Thread-16/INFO]: [gg.playit.control.ChannelSetup] send keep alive
[03:25:21] [Thread-16/INFO]: [gg.playit.control.ChannelSetup] send keep alive
[03:29:21] [Thread-16/INFO]: [gg.playit.control.ChannelSetup] send keep alive
[03:33:21] [Thread-16/INFO]: [gg.playit.control.ChannelSetup] send keep alive
[03:37:22] [Thread-16/INFO]: [gg.playit.control.ChannelSetup] send keep alive
[03:41:22] [Thread-16/INFO]: [gg.playit.control.ChannelSetup] send keep alive
[03:45:22] [Thread-16/INFO]: [gg.playit.control.ChannelSetup] send keep alive
[03:49:22] [Thread-16/INFO]: [gg.playit.control.ChannelSetup] send keep alive
[03:53:23] [Thread-16/INFO]: [gg.playit.control.ChannelSetup] send keep alive
[03:57:23] [Thread-16/INFO]: [gg.playit.control.ChannelSetup] send keep alive
[04:01:23] [Thread-16/INFO]: [gg.playit.control.ChannelSetup] send keep alive
[04:05:23] [Thread-16/INFO]: [gg.playit.control.ChannelSetup] send keep alive
